<?xml version="1.0" encoding="UTF-8"?>
<!-- Generated by org.testng.reporters.JUnitReportReporter -->
<testsuite skipped="0" hostname="W109TXD473" name="com.module.orangeHrm.tests.TestCase1" tests="1" failures="0" timestamp="2022-04-14T15:55:36 IST" time="41.664" errors="0">
  <testcase name="createANewCandidateProfile" time="41.664" classname="com.module.orangeHrm.tests.TestCase1"/>
  <system-out/>
</testsuite> <!-- com.module.orangeHrm.tests.TestCase1 -->
