<?xml version="1.0" encoding="UTF-8"?>
<!-- Generated by org.testng.reporters.JUnitReportReporter -->
<testsuite skipped="0" hostname="W109TXD473" name="com.module.orangeHrm.LoginPage.m" tests="1" failures="0" timestamp="2022-04-14T11:15:49 IST" time="0.070" errors="0">
  <testcase name="navigate_to_homepage_click_on_getstarted" time="0.070" classname="com.module.orangeHrm.LoginPage.m"/>
  <system-out/>
</testsuite> <!-- com.module.orangeHrm.LoginPage.m -->
